<?xml version="1.0" encoding="UTF-8"?>
<!-- Generated by org.testng.reporters.JUnitReportReporter -->
<testsuite hostname="user-PC" name="testng.Priority" tests="3" failures="0" timestamp="1 Oct 2023 12:24:52 GMT" time="0.007" errors="0">
  <testcase name="calls" time="0.001" classname="testng.Priority"/>
  <testcase name="settings" time="0.001" classname="testng.Priority"/>
  <testcase name="chats" time="0.005" classname="testng.Priority"/>
</testsuite> <!-- testng.Priority -->
