<?xml version="1.0" encoding="UTF-8"?>
<!-- Generated by org.testng.reporters.JUnitReportReporter -->
<testsuite hostname="user-PC" name="testng.Parallel" tests="3" failures="0" timestamp="1 Oct 2023 16:24:17 GMT" time="134.804" errors="0">
  <testcase name="tc1" time="37.576" classname="testng.Parallel"/>
  <testcase name="tc1" time="51.906" classname="testng.Parallel"/>
  <testcase name="tc1" time="45.322" classname="testng.Parallel"/>
</testsuite> <!-- testng.Parallel -->
