<?xml version="1.0" encoding="UTF-8"?>
<!-- Generated by org.testng.reporters.JUnitReportReporter -->
<testsuite hostname="user-PC" name="testng.Test0" tests="1" failures="0" timestamp="1 Oct 2023 12:24:52 GMT" time="0.000" errors="0">
  <testcase name="demo" time="0.000" classname="testng.Test0"/>
</testsuite> <!-- testng.Test0 -->
