<?xml version="1.0" encoding="UTF-8"?>
<!-- Generated by org.testng.reporters.JUnitReportReporter -->
<testsuite hostname="user-PC" name="testng.InvocationCount" tests="2" failures="0" timestamp="1 Oct 2023 12:24:52 GMT" time="0.022" errors="0">
  <testcase name="calls" time="0.019" classname="testng.InvocationCount"/>
  <testcase name="chats" time="0.003" classname="testng.InvocationCount"/>
</testsuite> <!-- testng.InvocationCount -->
